2025-02-16 20:21:52,967 - INFO - HTTP Request: GET http://testserver/api/v0 "HTTP/1.1 307 Temporary Redirect"
2025-02-16 20:21:52,968 - INFO - HTTP Request: GET http://testserver/api/v0/ "HTTP/1.1 200 OK"
2025-02-16 20:21:52,974 - INFO - HTTP Request: GET http://testserver/api/v0/items/1?q=param "HTTP/1.1 200 OK"
2025-02-16 20:21:52,978 - INFO - HTTP Request: GET http://testserver/api/v0/items/5 "HTTP/1.1 200 OK"
2025-02-16 20:21:52,982 - INFO - HTTP Request: GET http://testserver/api/v0/not_existant "HTTP/1.1 404 Not Found"
2025-02-16 20:21:52,985 - INFO - Starting download of 1 files
2025-02-16 20:21:52,987 - INFO - Created semaphore with limit of 10 concurrent connections
2025-02-16 20:21:53,081 - INFO - HTTP Request: GET https://samples.adsbexchange.com/readsb-hist/2023/11/01//000000Z.json.gz "HTTP/1.1 200 OK"
2025-02-16 20:21:53,293 - INFO - Successfully processed and saved 000000Z.json.gz
2025-02-16 20:21:53,294 - INFO - Download completed. Execution time: 0.30901527404785156 seconds
2025-02-16 20:21:53,294 - INFO - Successfully downloaded 1 files
2025-02-16 20:21:53,295 - INFO - HTTP Request: POST http://testserver/api/s1/aircraft/download?file_limit=1 "HTTP/1.1 200 OK"
2025-02-16 20:21:53,297 - INFO - Starting download of 10 files
2025-02-16 20:21:53,298 - INFO - Created semaphore with limit of 10 concurrent connections
2025-02-16 20:21:53,391 - INFO - HTTP Request: GET https://samples.adsbexchange.com/readsb-hist/2023/11/01//000020Z.json.gz "HTTP/1.1 200 OK"
2025-02-16 20:21:53,393 - INFO - HTTP Request: GET https://samples.adsbexchange.com/readsb-hist/2023/11/01//000010Z.json.gz "HTTP/1.1 200 OK"
2025-02-16 20:21:53,395 - INFO - HTTP Request: GET https://samples.adsbexchange.com/readsb-hist/2023/11/01//000000Z.json.gz "HTTP/1.1 200 OK"
2025-02-16 20:21:53,397 - INFO - HTTP Request: GET https://samples.adsbexchange.com/readsb-hist/2023/11/01//000045Z.json.gz "HTTP/1.1 200 OK"
2025-02-16 20:21:53,404 - INFO - HTTP Request: GET https://samples.adsbexchange.com/readsb-hist/2023/11/01//000025Z.json.gz "HTTP/1.1 200 OK"
2025-02-16 20:21:53,414 - INFO - HTTP Request: GET https://samples.adsbexchange.com/readsb-hist/2023/11/01//000030Z.json.gz "HTTP/1.1 200 OK"
2025-02-16 20:21:53,427 - INFO - HTTP Request: GET https://samples.adsbexchange.com/readsb-hist/2023/11/01//000040Z.json.gz "HTTP/1.1 200 OK"
2025-02-16 20:21:53,429 - INFO - HTTP Request: GET https://samples.adsbexchange.com/readsb-hist/2023/11/01//000015Z.json.gz "HTTP/1.1 200 OK"
2025-02-16 20:21:53,439 - INFO - HTTP Request: GET https://samples.adsbexchange.com/readsb-hist/2023/11/01//000035Z.json.gz "HTTP/1.1 200 OK"
2025-02-16 20:21:53,621 - INFO - Successfully processed and saved 000020Z.json.gz
2025-02-16 20:21:53,760 - INFO - Successfully processed and saved 000010Z.json.gz
2025-02-16 20:21:53,904 - INFO - Successfully processed and saved 000025Z.json.gz
2025-02-16 20:21:54,036 - INFO - Successfully processed and saved 000045Z.json.gz
2025-02-16 20:21:54,164 - INFO - Successfully processed and saved 000000Z.json.gz
2025-02-16 20:21:54,176 - INFO - HTTP Request: GET https://samples.adsbexchange.com/readsb-hist/2023/11/01//000005Z.json.gz "HTTP/1.1 200 OK"
2025-02-16 20:21:54,311 - INFO - Successfully processed and saved 000035Z.json.gz
2025-02-16 20:21:54,443 - INFO - Successfully processed and saved 000015Z.json.gz
2025-02-16 20:21:54,575 - INFO - Successfully processed and saved 000040Z.json.gz
2025-02-16 20:21:54,708 - INFO - Successfully processed and saved 000030Z.json.gz
2025-02-16 20:21:54,863 - INFO - Successfully processed and saved 000005Z.json.gz
2025-02-16 20:21:54,864 - INFO - Download completed. Execution time: 1.5673110485076904 seconds
2025-02-16 20:21:54,865 - INFO - Successfully downloaded 10 files
2025-02-16 20:21:54,865 - INFO - HTTP Request: POST http://testserver/api/s1/aircraft/download?file_limit=10 "HTTP/1.1 200 OK"
2025-02-16 20:21:54,868 - INFO - Starting download of 10 files
2025-02-16 20:21:54,869 - INFO - Created semaphore with limit of 10 concurrent connections
2025-02-16 20:21:54,965 - INFO - HTTP Request: GET https://samples.adsbexchange.com/readsb-hist/2023/11/01//000035Z.json.gz "HTTP/1.1 200 OK"
2025-02-16 20:21:54,966 - INFO - HTTP Request: GET https://samples.adsbexchange.com/readsb-hist/2023/11/01//000025Z.json.gz "HTTP/1.1 200 OK"
2025-02-16 20:21:54,967 - INFO - HTTP Request: GET https://samples.adsbexchange.com/readsb-hist/2023/11/01//000040Z.json.gz "HTTP/1.1 200 OK"
2025-02-16 20:21:54,975 - INFO - HTTP Request: GET https://samples.adsbexchange.com/readsb-hist/2023/11/01//000030Z.json.gz "HTTP/1.1 200 OK"
2025-02-16 20:21:54,980 - INFO - HTTP Request: GET https://samples.adsbexchange.com/readsb-hist/2023/11/01//000020Z.json.gz "HTTP/1.1 200 OK"
2025-02-16 20:21:54,990 - INFO - HTTP Request: GET https://samples.adsbexchange.com/readsb-hist/2023/11/01//000000Z.json.gz "HTTP/1.1 200 OK"
2025-02-16 20:21:54,993 - INFO - HTTP Request: GET https://samples.adsbexchange.com/readsb-hist/2023/11/01//000015Z.json.gz "HTTP/1.1 200 OK"
2025-02-16 20:21:55,000 - INFO - HTTP Request: GET https://samples.adsbexchange.com/readsb-hist/2023/11/01//000005Z.json.gz "HTTP/1.1 200 OK"
2025-02-16 20:21:55,004 - INFO - HTTP Request: GET https://samples.adsbexchange.com/readsb-hist/2023/11/01//000010Z.json.gz "HTTP/1.1 200 OK"
2025-02-16 20:21:55,012 - INFO - HTTP Request: GET https://samples.adsbexchange.com/readsb-hist/2023/11/01//000045Z.json.gz "HTTP/1.1 200 OK"
2025-02-16 20:21:55,185 - INFO - Successfully processed and saved 000035Z.json.gz
2025-02-16 20:21:55,314 - INFO - Successfully processed and saved 000025Z.json.gz
2025-02-16 20:21:55,439 - INFO - Successfully processed and saved 000040Z.json.gz
2025-02-16 20:21:55,580 - INFO - Successfully processed and saved 000030Z.json.gz
2025-02-16 20:21:55,730 - INFO - Successfully processed and saved 000020Z.json.gz
2025-02-16 20:21:55,866 - INFO - Successfully processed and saved 000005Z.json.gz
2025-02-16 20:21:55,997 - INFO - Successfully processed and saved 000045Z.json.gz
2025-02-16 20:21:56,130 - INFO - Successfully processed and saved 000000Z.json.gz
2025-02-16 20:21:56,254 - INFO - Successfully processed and saved 000010Z.json.gz
2025-02-16 20:21:56,382 - INFO - Successfully processed and saved 000015Z.json.gz
2025-02-16 20:21:56,383 - INFO - Download completed. Execution time: 1.5150320529937744 seconds
2025-02-16 20:21:56,383 - INFO - Successfully downloaded 10 files
2025-02-16 20:21:56,383 - INFO - HTTP Request: POST http://testserver/api/s1/aircraft/download?file_limit=10 "HTTP/1.1 200 OK"
2025-02-16 20:21:57,850 - INFO - Processed chunk 1 of 1
2025-02-16 20:21:58,191 - INFO - Execution time: 1.807002305984497
2025-02-16 20:21:58,260 - INFO - HTTP Request: POST http://testserver/api/s1/aircraft/prepare "HTTP/1.1 200 OK"
2025-02-16 20:21:58,271 - INFO - HTTP Request: GET http://testserver/api/s1/aircraft/?page=0&num_results=5 "HTTP/1.1 200 OK"
2025-02-16 20:21:58,279 - INFO - HTTP Request: GET http://testserver/api/s1/aircraft/?page=1&num_results=5 "HTTP/1.1 200 OK"
2025-02-16 20:21:58,284 - INFO - Starting download of 10 files
2025-02-16 20:21:58,285 - INFO - Created semaphore with limit of 10 concurrent connections
2025-02-16 20:21:58,390 - INFO - HTTP Request: GET https://samples.adsbexchange.com/readsb-hist/2023/11/01//000000Z.json.gz "HTTP/1.1 200 OK"
2025-02-16 20:21:58,392 - INFO - HTTP Request: GET https://samples.adsbexchange.com/readsb-hist/2023/11/01//000040Z.json.gz "HTTP/1.1 200 OK"
2025-02-16 20:21:58,395 - INFO - HTTP Request: GET https://samples.adsbexchange.com/readsb-hist/2023/11/01//000035Z.json.gz "HTTP/1.1 200 OK"
2025-02-16 20:21:58,401 - INFO - HTTP Request: GET https://samples.adsbexchange.com/readsb-hist/2023/11/01//000030Z.json.gz "HTTP/1.1 200 OK"
2025-02-16 20:21:58,407 - INFO - HTTP Request: GET https://samples.adsbexchange.com/readsb-hist/2023/11/01//000025Z.json.gz "HTTP/1.1 200 OK"
2025-02-16 20:21:58,417 - INFO - HTTP Request: GET https://samples.adsbexchange.com/readsb-hist/2023/11/01//000010Z.json.gz "HTTP/1.1 200 OK"
2025-02-16 20:21:58,421 - INFO - HTTP Request: GET https://samples.adsbexchange.com/readsb-hist/2023/11/01//000020Z.json.gz "HTTP/1.1 200 OK"
2025-02-16 20:21:58,425 - INFO - HTTP Request: GET https://samples.adsbexchange.com/readsb-hist/2023/11/01//000045Z.json.gz "HTTP/1.1 200 OK"
2025-02-16 20:21:58,429 - INFO - HTTP Request: GET https://samples.adsbexchange.com/readsb-hist/2023/11/01//000015Z.json.gz "HTTP/1.1 200 OK"
2025-02-16 20:21:58,433 - INFO - HTTP Request: GET https://samples.adsbexchange.com/readsb-hist/2023/11/01//000005Z.json.gz "HTTP/1.1 200 OK"
2025-02-16 20:21:58,631 - INFO - Successfully processed and saved 000000Z.json.gz
2025-02-16 20:21:58,778 - INFO - Successfully processed and saved 000040Z.json.gz
2025-02-16 20:21:58,926 - INFO - Successfully processed and saved 000035Z.json.gz
2025-02-16 20:21:59,059 - INFO - Successfully processed and saved 000030Z.json.gz
2025-02-16 20:21:59,219 - INFO - Successfully processed and saved 000010Z.json.gz
2025-02-16 20:21:59,350 - INFO - Successfully processed and saved 000045Z.json.gz
2025-02-16 20:21:59,480 - INFO - Successfully processed and saved 000015Z.json.gz
2025-02-16 20:21:59,609 - INFO - Successfully processed and saved 000005Z.json.gz
2025-02-16 20:21:59,739 - INFO - Successfully processed and saved 000020Z.json.gz
2025-02-16 20:21:59,869 - INFO - Successfully processed and saved 000025Z.json.gz
2025-02-16 20:21:59,870 - INFO - Download completed. Execution time: 1.5865740776062012 seconds
2025-02-16 20:21:59,870 - INFO - Successfully downloaded 10 files
2025-02-16 20:21:59,871 - INFO - HTTP Request: POST http://testserver/api/s1/aircraft/download?file_limit=10 "HTTP/1.1 200 OK"
2025-02-16 20:22:01,332 - INFO - Processed chunk 1 of 1
2025-02-16 20:22:01,622 - INFO - Execution time: 1.7503938674926758
2025-02-16 20:22:01,689 - INFO - HTTP Request: POST http://testserver/api/s1/aircraft/prepare "HTTP/1.1 200 OK"
2025-02-16 20:22:01,690 - INFO - HTTP Request: GET http://testserver/api/s1/aircraft "HTTP/1.1 307 Temporary Redirect"
2025-02-16 20:22:01,699 - INFO - HTTP Request: GET http://testserver/api/s1/aircraft/ "HTTP/1.1 200 OK"
2025-02-16 20:22:01,736 - INFO - HTTP Request: GET http://testserver/api/s1/aircraft/000000/positions?page=0&num_results=5 "HTTP/1.1 200 OK"
2025-02-16 20:22:01,741 - INFO - Starting download of 10 files
2025-02-16 20:22:01,743 - INFO - Created semaphore with limit of 10 concurrent connections
2025-02-16 20:22:01,883 - INFO - HTTP Request: GET https://samples.adsbexchange.com/readsb-hist/2023/11/01//000000Z.json.gz "HTTP/1.1 200 OK"
2025-02-16 20:22:01,886 - INFO - HTTP Request: GET https://samples.adsbexchange.com/readsb-hist/2023/11/01//000020Z.json.gz "HTTP/1.1 200 OK"
2025-02-16 20:22:01,889 - INFO - HTTP Request: GET https://samples.adsbexchange.com/readsb-hist/2023/11/01//000040Z.json.gz "HTTP/1.1 200 OK"
2025-02-16 20:22:01,898 - INFO - HTTP Request: GET https://samples.adsbexchange.com/readsb-hist/2023/11/01//000035Z.json.gz "HTTP/1.1 200 OK"
2025-02-16 20:22:01,902 - INFO - HTTP Request: GET https://samples.adsbexchange.com/readsb-hist/2023/11/01//000005Z.json.gz "HTTP/1.1 200 OK"
2025-02-16 20:22:01,914 - INFO - HTTP Request: GET https://samples.adsbexchange.com/readsb-hist/2023/11/01//000030Z.json.gz "HTTP/1.1 200 OK"
2025-02-16 20:22:01,916 - INFO - HTTP Request: GET https://samples.adsbexchange.com/readsb-hist/2023/11/01//000010Z.json.gz "HTTP/1.1 200 OK"
2025-02-16 20:22:01,920 - INFO - HTTP Request: GET https://samples.adsbexchange.com/readsb-hist/2023/11/01//000015Z.json.gz "HTTP/1.1 200 OK"
2025-02-16 20:22:01,924 - INFO - HTTP Request: GET https://samples.adsbexchange.com/readsb-hist/2023/11/01//000045Z.json.gz "HTTP/1.1 200 OK"
2025-02-16 20:22:01,928 - INFO - HTTP Request: GET https://samples.adsbexchange.com/readsb-hist/2023/11/01//000025Z.json.gz "HTTP/1.1 200 OK"
2025-02-16 20:22:02,117 - INFO - Successfully processed and saved 000040Z.json.gz
2025-02-16 20:22:02,251 - INFO - Successfully processed and saved 000020Z.json.gz
2025-02-16 20:22:02,392 - INFO - Successfully processed and saved 000000Z.json.gz
2025-02-16 20:22:02,542 - INFO - Successfully processed and saved 000035Z.json.gz
2025-02-16 20:22:02,702 - INFO - Successfully processed and saved 000005Z.json.gz
2025-02-16 20:22:02,841 - INFO - Successfully processed and saved 000010Z.json.gz
2025-02-16 20:22:02,970 - INFO - Successfully processed and saved 000030Z.json.gz
2025-02-16 20:22:03,100 - INFO - Successfully processed and saved 000015Z.json.gz
2025-02-16 20:22:03,229 - INFO - Successfully processed and saved 000025Z.json.gz
2025-02-16 20:22:03,361 - INFO - Successfully processed and saved 000045Z.json.gz
2025-02-16 20:22:03,362 - INFO - Download completed. Execution time: 1.620879888534546 seconds
2025-02-16 20:22:03,362 - INFO - Successfully downloaded 10 files
2025-02-16 20:22:03,363 - INFO - HTTP Request: POST http://testserver/api/s1/aircraft/download?file_limit=10 "HTTP/1.1 200 OK"
2025-02-16 20:22:04,718 - INFO - Processed chunk 1 of 1
2025-02-16 20:22:04,996 - INFO - Execution time: 1.6329879760742188
2025-02-16 20:22:05,059 - INFO - HTTP Request: POST http://testserver/api/s1/aircraft/prepare "HTTP/1.1 200 OK"
2025-02-16 20:22:05,060 - INFO - HTTP Request: GET http://testserver/api/s1/aircraft "HTTP/1.1 307 Temporary Redirect"
2025-02-16 20:22:05,068 - INFO - HTTP Request: GET http://testserver/api/s1/aircraft/ "HTTP/1.1 200 OK"
2025-02-16 20:22:05,076 - INFO - HTTP Request: GET http://testserver/api/s1/aircraft/000000/stats "HTTP/1.1 200 OK"
2025-02-16 20:22:05,164 - INFO - Starting download of 10 files
2025-02-16 20:22:05,165 - INFO - Created semaphore with limit of 10 concurrent connections
2025-02-16 20:22:05,261 - INFO - HTTP Request: GET https://samples.adsbexchange.com/readsb-hist/2023/11/01//000040Z.json.gz "HTTP/1.1 200 OK"
2025-02-16 20:22:05,266 - INFO - HTTP Request: GET https://samples.adsbexchange.com/readsb-hist/2023/11/01//000005Z.json.gz "HTTP/1.1 200 OK"
2025-02-16 20:22:05,269 - INFO - HTTP Request: GET https://samples.adsbexchange.com/readsb-hist/2023/11/01//000015Z.json.gz "HTTP/1.1 200 OK"
2025-02-16 20:22:05,273 - INFO - HTTP Request: GET https://samples.adsbexchange.com/readsb-hist/2023/11/01//000035Z.json.gz "HTTP/1.1 200 OK"
2025-02-16 20:22:05,281 - INFO - HTTP Request: GET https://samples.adsbexchange.com/readsb-hist/2023/11/01//000025Z.json.gz "HTTP/1.1 200 OK"
2025-02-16 20:22:05,284 - INFO - HTTP Request: GET https://samples.adsbexchange.com/readsb-hist/2023/11/01//000045Z.json.gz "HTTP/1.1 200 OK"
2025-02-16 20:22:05,293 - INFO - HTTP Request: GET https://samples.adsbexchange.com/readsb-hist/2023/11/01//000020Z.json.gz "HTTP/1.1 200 OK"
2025-02-16 20:22:05,295 - INFO - HTTP Request: GET https://samples.adsbexchange.com/readsb-hist/2023/11/01//000030Z.json.gz "HTTP/1.1 200 OK"
2025-02-16 20:22:05,346 - INFO - HTTP Request: GET https://samples.adsbexchange.com/readsb-hist/2023/11/01//000000Z.json.gz "HTTP/1.1 200 OK"
2025-02-16 20:22:05,370 - INFO - HTTP Request: GET https://samples.adsbexchange.com/readsb-hist/2023/11/01//000010Z.json.gz "HTTP/1.1 200 OK"
2025-02-16 20:22:05,576 - INFO - Successfully processed and saved 000040Z.json.gz
2025-02-16 20:22:05,717 - INFO - Successfully processed and saved 000005Z.json.gz
2025-02-16 20:22:05,850 - INFO - Successfully processed and saved 000015Z.json.gz
2025-02-16 20:22:05,979 - INFO - Successfully processed and saved 000035Z.json.gz
2025-02-16 20:22:06,116 - INFO - Successfully processed and saved 000025Z.json.gz
2025-02-16 20:22:06,254 - INFO - Successfully processed and saved 000020Z.json.gz
2025-02-16 20:22:06,457 - INFO - Successfully processed and saved 000045Z.json.gz
2025-02-16 20:22:06,587 - INFO - Successfully processed and saved 000030Z.json.gz
2025-02-16 20:22:06,723 - INFO - Successfully processed and saved 000010Z.json.gz
2025-02-16 20:22:06,852 - INFO - Successfully processed and saved 000000Z.json.gz
2025-02-16 20:22:06,854 - INFO - Download completed. Execution time: 1.6897311210632324 seconds
2025-02-16 20:22:06,854 - INFO - Successfully downloaded 10 files
2025-02-16 20:22:06,854 - INFO - HTTP Request: POST http://testserver/api/s1/aircraft/download?file_limit=10 "HTTP/1.1 200 OK"
2025-02-16 20:22:08,210 - INFO - Processed chunk 1 of 1
2025-02-16 20:22:08,487 - INFO - Execution time: 1.6329216957092285
2025-02-16 20:22:08,570 - INFO - HTTP Request: POST http://testserver/api/s1/aircraft/prepare "HTTP/1.1 200 OK"
2025-02-16 20:22:08,571 - INFO - HTTP Request: GET http://testserver/api/s1/aircraft "HTTP/1.1 307 Temporary Redirect"
2025-02-16 20:22:08,579 - INFO - HTTP Request: GET http://testserver/api/s1/aircraft/ "HTTP/1.1 200 OK"
2025-02-16 20:22:08,618 - INFO - HTTP Request: GET http://testserver/api/s1/aircraft/000000/positions "HTTP/1.1 200 OK"
2025-02-16 20:22:08,624 - INFO - HTTP Request: GET http://testserver/api/s1/aircraft/000000/stats "HTTP/1.1 200 OK"
2025-02-16 20:22:08,665 - INFO - HTTP Request: GET http://testserver/api/s1/aircraft/000001/positions "HTTP/1.1 200 OK"
2025-02-16 20:22:08,672 - INFO - HTTP Request: GET http://testserver/api/s1/aircraft/000001/stats "HTTP/1.1 200 OK"
2025-02-16 20:22:08,712 - INFO - HTTP Request: GET http://testserver/api/s1/aircraft/0000d2/positions "HTTP/1.1 200 OK"
2025-02-16 20:22:08,719 - INFO - HTTP Request: GET http://testserver/api/s1/aircraft/0000d2/stats "HTTP/1.1 200 OK"
2025-02-16 20:22:08,722 - INFO - Starting download of 1 files
2025-02-16 20:22:08,724 - INFO - Created semaphore with limit of 10 concurrent connections
2025-02-16 20:22:08,823 - INFO - HTTP Request: GET https://samples.adsbexchange.com/readsb-hist/2023/11/01//000000Z.json.gz "HTTP/1.1 200 OK"
2025-02-16 20:22:08,994 - INFO - Successfully processed and saved 000000Z.json.gz
2025-02-16 20:22:08,994 - INFO - Download completed. Execution time: 0.27258896827697754 seconds
2025-02-16 20:22:08,994 - INFO - Successfully downloaded 1 files
2025-02-16 20:22:08,995 - INFO - HTTP Request: POST http://testserver/api/s1/aircraft/download?file_limit=1 "HTTP/1.1 200 OK"
2025-02-16 20:22:09,150 - INFO - Processed chunk 1 of 1
2025-02-16 20:22:09,211 - INFO - Execution time: 0.2141258716583252
2025-02-16 20:22:09,215 - INFO - HTTP Request: POST http://testserver/api/s1/aircraft/prepare "HTTP/1.1 200 OK"
2025-02-16 20:22:09,218 - INFO - HTTP Request: GET http://testserver/api/s1/aircraft "HTTP/1.1 307 Temporary Redirect"
2025-02-16 20:22:09,227 - INFO - HTTP Request: GET http://testserver/api/s1/aircraft/ "HTTP/1.1 200 OK"
2025-02-16 20:22:09,239 - INFO - HTTP Request: GET http://testserver/api/s1/aircraft/06a0af/positions "HTTP/1.1 200 OK"
2025-02-16 20:22:09,247 - INFO - HTTP Request: GET http://testserver/api/s1/aircraft/06a0af/stats "HTTP/1.1 200 OK"
