2025-02-16 20:27:24,658 - INFO - Starting download of 10 files
2025-02-16 20:27:24,659 - INFO - Created semaphore with limit of 10 concurrent connections
2025-02-16 20:27:24,842 - INFO - HTTP Request: GET https://samples.adsbexchange.com/readsb-hist/2023/11/01//000000Z.json.gz "HTTP/1.1 200 OK"
2025-02-16 20:27:24,845 - INFO - HTTP Request: GET https://samples.adsbexchange.com/readsb-hist/2023/11/01//000045Z.json.gz "HTTP/1.1 200 OK"
2025-02-16 20:27:24,849 - INFO - HTTP Request: GET https://samples.adsbexchange.com/readsb-hist/2023/11/01//000015Z.json.gz "HTTP/1.1 200 OK"
2025-02-16 20:27:24,852 - INFO - HTTP Request: GET https://samples.adsbexchange.com/readsb-hist/2023/11/01//000035Z.json.gz "HTTP/1.1 200 OK"
2025-02-16 20:27:24,865 - INFO - HTTP Request: GET https://samples.adsbexchange.com/readsb-hist/2023/11/01//000020Z.json.gz "HTTP/1.1 200 OK"
2025-02-16 20:27:24,869 - INFO - HTTP Request: GET https://samples.adsbexchange.com/readsb-hist/2023/11/01//000040Z.json.gz "HTTP/1.1 200 OK"
2025-02-16 20:27:24,873 - INFO - HTTP Request: GET https://samples.adsbexchange.com/readsb-hist/2023/11/01//000025Z.json.gz "HTTP/1.1 200 OK"
2025-02-16 20:27:24,880 - INFO - HTTP Request: GET https://samples.adsbexchange.com/readsb-hist/2023/11/01//000010Z.json.gz "HTTP/1.1 200 OK"
2025-02-16 20:27:24,887 - INFO - HTTP Request: GET https://samples.adsbexchange.com/readsb-hist/2023/11/01//000030Z.json.gz "HTTP/1.1 200 OK"
2025-02-16 20:27:24,904 - INFO - HTTP Request: GET https://samples.adsbexchange.com/readsb-hist/2023/11/01//000005Z.json.gz "HTTP/1.1 200 OK"
2025-02-16 20:27:25,086 - INFO - Successfully processed and saved 000000Z.json.gz
2025-02-16 20:27:25,255 - INFO - Successfully processed and saved 000045Z.json.gz
2025-02-16 20:27:25,397 - INFO - Successfully processed and saved 000015Z.json.gz
2025-02-16 20:27:25,528 - INFO - Successfully processed and saved 000035Z.json.gz
2025-02-16 20:27:25,692 - INFO - Successfully processed and saved 000040Z.json.gz
2025-02-16 20:27:25,820 - INFO - Successfully processed and saved 000025Z.json.gz
2025-02-16 20:27:25,946 - INFO - Successfully processed and saved 000010Z.json.gz
2025-02-16 20:27:26,084 - INFO - Successfully processed and saved 000030Z.json.gz
2025-02-16 20:27:26,211 - INFO - Successfully processed and saved 000020Z.json.gz
2025-02-16 20:27:26,338 - INFO - Successfully processed and saved 000005Z.json.gz
2025-02-16 20:27:26,340 - INFO - Download completed. Execution time: 1.6823370456695557 seconds
2025-02-16 20:27:26,340 - INFO - Successfully downloaded 10 files
2025-02-16 20:27:26,341 - INFO - HTTP Request: POST http://testserver/api/s1/aircraft/download?file_limit=10 "HTTP/1.1 200 OK"
2025-02-16 20:27:27,784 - INFO - Processed chunk 1 of 1
2025-02-16 20:27:28,072 - INFO - Execution time: 1.7305700778961182
2025-02-16 20:27:28,139 - INFO - HTTP Request: POST http://testserver/api/s1/aircraft/prepare "HTTP/1.1 200 OK"
2025-02-16 20:27:28,141 - INFO - HTTP Request: GET http://testserver/api/s1/aircraft "HTTP/1.1 307 Temporary Redirect"
2025-02-16 20:27:28,151 - INFO - HTTP Request: GET http://testserver/api/s1/aircraft/ "HTTP/1.1 200 OK"
2025-02-16 20:27:28,158 - INFO - HTTP Request: GET http://testserver/api/s1/aircraft/000000/stats "HTTP/1.1 200 OK"
