2025-02-16 20:18:32,126 - INFO - HTTP Request: GET http://testserver/api/v0 "HTTP/1.1 307 Temporary Redirect"
2025-02-16 20:18:32,128 - INFO - HTTP Request: GET http://testserver/api/v0/ "HTTP/1.1 200 OK"
2025-02-16 20:18:32,133 - INFO - HTTP Request: GET http://testserver/api/v0/items/1?q=param "HTTP/1.1 200 OK"
2025-02-16 20:18:32,137 - INFO - HTTP Request: GET http://testserver/api/v0/items/5 "HTTP/1.1 200 OK"
2025-02-16 20:18:32,141 - INFO - HTTP Request: GET http://testserver/api/v0/not_existant "HTTP/1.1 404 Not Found"
2025-02-16 20:18:32,143 - INFO - Starting download of 1 files
2025-02-16 20:18:32,367 - INFO - Created semaphore with limit of 10 concurrent connections
2025-02-16 20:18:32,494 - INFO - HTTP Request: GET https://samples.adsbexchange.com/readsb-hist/2023/11/01//000000Z.json.gz "HTTP/1.1 200 OK"
2025-02-16 20:18:32,783 - INFO - Successfully processed and saved 000000Z.json.gz
2025-02-16 20:18:32,784 - INFO - Download completed. Execution time: 0.6409590244293213 seconds
2025-02-16 20:18:32,785 - INFO - Successfully downloaded 1 files
2025-02-16 20:18:32,785 - INFO - HTTP Request: POST http://testserver/api/s1/aircraft/download?file_limit=1 "HTTP/1.1 200 OK"
2025-02-16 20:18:32,788 - INFO - Starting download of 10 files
2025-02-16 20:18:32,788 - INFO - Created semaphore with limit of 10 concurrent connections
2025-02-16 20:18:32,889 - INFO - HTTP Request: GET https://samples.adsbexchange.com/readsb-hist/2023/11/01//000030Z.json.gz "HTTP/1.1 200 OK"
2025-02-16 20:18:32,892 - INFO - HTTP Request: GET https://samples.adsbexchange.com/readsb-hist/2023/11/01//000010Z.json.gz "HTTP/1.1 200 OK"
2025-02-16 20:18:32,895 - INFO - HTTP Request: GET https://samples.adsbexchange.com/readsb-hist/2023/11/01//000040Z.json.gz "HTTP/1.1 200 OK"
2025-02-16 20:18:32,899 - INFO - HTTP Request: GET https://samples.adsbexchange.com/readsb-hist/2023/11/01//000005Z.json.gz "HTTP/1.1 200 OK"
2025-02-16 20:18:32,907 - INFO - HTTP Request: GET https://samples.adsbexchange.com/readsb-hist/2023/11/01//000035Z.json.gz "HTTP/1.1 200 OK"
2025-02-16 20:18:32,912 - INFO - HTTP Request: GET https://samples.adsbexchange.com/readsb-hist/2023/11/01//000020Z.json.gz "HTTP/1.1 200 OK"
2025-02-16 20:18:32,919 - INFO - HTTP Request: GET https://samples.adsbexchange.com/readsb-hist/2023/11/01//000015Z.json.gz "HTTP/1.1 200 OK"
2025-02-16 20:18:32,923 - INFO - HTTP Request: GET https://samples.adsbexchange.com/readsb-hist/2023/11/01//000025Z.json.gz "HTTP/1.1 200 OK"
2025-02-16 20:18:32,926 - INFO - HTTP Request: GET https://samples.adsbexchange.com/readsb-hist/2023/11/01//000000Z.json.gz "HTTP/1.1 200 OK"
2025-02-16 20:18:32,938 - INFO - HTTP Request: GET https://samples.adsbexchange.com/readsb-hist/2023/11/01//000045Z.json.gz "HTTP/1.1 200 OK"
2025-02-16 20:18:33,128 - INFO - Successfully processed and saved 000030Z.json.gz
2025-02-16 20:18:33,337 - INFO - Successfully processed and saved 000035Z.json.gz
2025-02-16 20:18:33,479 - INFO - Successfully processed and saved 000010Z.json.gz
2025-02-16 20:18:33,625 - INFO - Successfully processed and saved 000040Z.json.gz
2025-02-16 20:18:33,755 - INFO - Successfully processed and saved 000005Z.json.gz
2025-02-16 20:18:33,903 - INFO - Successfully processed and saved 000015Z.json.gz
2025-02-16 20:18:34,033 - INFO - Successfully processed and saved 000045Z.json.gz
2025-02-16 20:18:34,173 - INFO - Successfully processed and saved 000020Z.json.gz
2025-02-16 20:18:34,300 - INFO - Successfully processed and saved 000025Z.json.gz
2025-02-16 20:18:34,426 - INFO - Successfully processed and saved 000000Z.json.gz
2025-02-16 20:18:34,429 - INFO - Download completed. Execution time: 1.6408131122589111 seconds
2025-02-16 20:18:34,429 - INFO - Successfully downloaded 10 files
2025-02-16 20:18:34,429 - INFO - HTTP Request: POST http://testserver/api/s1/aircraft/download?file_limit=10 "HTTP/1.1 200 OK"
2025-02-16 20:18:34,441 - INFO - Starting download of 10 files
2025-02-16 20:18:34,443 - INFO - Created semaphore with limit of 10 concurrent connections
2025-02-16 20:18:34,551 - INFO - HTTP Request: GET https://samples.adsbexchange.com/readsb-hist/2023/11/01//000000Z.json.gz "HTTP/1.1 200 OK"
2025-02-16 20:18:34,555 - INFO - HTTP Request: GET https://samples.adsbexchange.com/readsb-hist/2023/11/01//000045Z.json.gz "HTTP/1.1 200 OK"
2025-02-16 20:18:34,559 - INFO - HTTP Request: GET https://samples.adsbexchange.com/readsb-hist/2023/11/01//000010Z.json.gz "HTTP/1.1 200 OK"
2025-02-16 20:18:34,564 - INFO - HTTP Request: GET https://samples.adsbexchange.com/readsb-hist/2023/11/01//000005Z.json.gz "HTTP/1.1 200 OK"
2025-02-16 20:18:34,568 - INFO - HTTP Request: GET https://samples.adsbexchange.com/readsb-hist/2023/11/01//000030Z.json.gz "HTTP/1.1 200 OK"
2025-02-16 20:18:34,573 - INFO - HTTP Request: GET https://samples.adsbexchange.com/readsb-hist/2023/11/01//000035Z.json.gz "HTTP/1.1 200 OK"
2025-02-16 20:18:34,576 - INFO - HTTP Request: GET https://samples.adsbexchange.com/readsb-hist/2023/11/01//000025Z.json.gz "HTTP/1.1 200 OK"
2025-02-16 20:18:34,579 - INFO - HTTP Request: GET https://samples.adsbexchange.com/readsb-hist/2023/11/01//000020Z.json.gz "HTTP/1.1 200 OK"
2025-02-16 20:18:34,587 - INFO - HTTP Request: GET https://samples.adsbexchange.com/readsb-hist/2023/11/01//000015Z.json.gz "HTTP/1.1 200 OK"
2025-02-16 20:18:34,593 - INFO - HTTP Request: GET https://samples.adsbexchange.com/readsb-hist/2023/11/01//000040Z.json.gz "HTTP/1.1 200 OK"
2025-02-16 20:18:34,788 - INFO - Successfully processed and saved 000000Z.json.gz
2025-02-16 20:18:34,930 - INFO - Successfully processed and saved 000030Z.json.gz
2025-02-16 20:18:35,057 - INFO - Successfully processed and saved 000045Z.json.gz
2025-02-16 20:18:35,189 - INFO - Successfully processed and saved 000010Z.json.gz
2025-02-16 20:18:35,321 - INFO - Successfully processed and saved 000005Z.json.gz
2025-02-16 20:18:35,456 - INFO - Successfully processed and saved 000020Z.json.gz
2025-02-16 20:18:35,582 - INFO - Successfully processed and saved 000035Z.json.gz
2025-02-16 20:18:35,718 - INFO - Successfully processed and saved 000025Z.json.gz
2025-02-16 20:18:35,852 - INFO - Successfully processed and saved 000040Z.json.gz
2025-02-16 20:18:35,983 - INFO - Successfully processed and saved 000015Z.json.gz
2025-02-16 20:18:35,985 - INFO - Download completed. Execution time: 1.5437450408935547 seconds
2025-02-16 20:18:35,985 - INFO - Successfully downloaded 10 files
2025-02-16 20:18:35,985 - INFO - HTTP Request: POST http://testserver/api/s1/aircraft/download?file_limit=10 "HTTP/1.1 200 OK"
2025-02-16 20:18:37,482 - INFO - Processed chunk 1 of 1
2025-02-16 20:18:37,772 - INFO - Execution time: 1.7868218421936035
2025-02-16 20:18:37,838 - INFO - HTTP Request: POST http://testserver/api/s1/aircraft/prepare "HTTP/1.1 200 OK"
2025-02-16 20:18:37,850 - INFO - HTTP Request: GET http://testserver/api/s1/aircraft/?page=0&num_results=5 "HTTP/1.1 200 OK"
2025-02-16 20:18:37,856 - INFO - HTTP Request: GET http://testserver/api/s1/aircraft/?page=1&num_results=5 "HTTP/1.1 200 OK"
2025-02-16 20:18:37,859 - INFO - Starting download of 10 files
2025-02-16 20:18:37,860 - INFO - Created semaphore with limit of 10 concurrent connections
2025-02-16 20:18:37,964 - INFO - HTTP Request: GET https://samples.adsbexchange.com/readsb-hist/2023/11/01//000045Z.json.gz "HTTP/1.1 200 OK"
2025-02-16 20:18:37,980 - INFO - HTTP Request: GET https://samples.adsbexchange.com/readsb-hist/2023/11/01//000020Z.json.gz "HTTP/1.1 200 OK"
2025-02-16 20:18:37,985 - INFO - HTTP Request: GET https://samples.adsbexchange.com/readsb-hist/2023/11/01//000025Z.json.gz "HTTP/1.1 200 OK"
2025-02-16 20:18:37,987 - INFO - HTTP Request: GET https://samples.adsbexchange.com/readsb-hist/2023/11/01//000000Z.json.gz "HTTP/1.1 200 OK"
2025-02-16 20:18:37,990 - INFO - HTTP Request: GET https://samples.adsbexchange.com/readsb-hist/2023/11/01//000035Z.json.gz "HTTP/1.1 200 OK"
2025-02-16 20:18:37,998 - INFO - HTTP Request: GET https://samples.adsbexchange.com/readsb-hist/2023/11/01//000005Z.json.gz "HTTP/1.1 200 OK"
2025-02-16 20:18:38,004 - INFO - HTTP Request: GET https://samples.adsbexchange.com/readsb-hist/2023/11/01//000040Z.json.gz "HTTP/1.1 200 OK"
2025-02-16 20:18:38,009 - INFO - HTTP Request: GET https://samples.adsbexchange.com/readsb-hist/2023/11/01//000010Z.json.gz "HTTP/1.1 200 OK"
2025-02-16 20:18:38,019 - INFO - HTTP Request: GET https://samples.adsbexchange.com/readsb-hist/2023/11/01//000015Z.json.gz "HTTP/1.1 200 OK"
2025-02-16 20:18:38,026 - INFO - HTTP Request: GET https://samples.adsbexchange.com/readsb-hist/2023/11/01//000030Z.json.gz "HTTP/1.1 200 OK"
2025-02-16 20:18:38,188 - INFO - Successfully processed and saved 000045Z.json.gz
2025-02-16 20:18:38,370 - INFO - Successfully processed and saved 000020Z.json.gz
2025-02-16 20:18:38,502 - INFO - Successfully processed and saved 000025Z.json.gz
2025-02-16 20:18:38,647 - INFO - Successfully processed and saved 000000Z.json.gz
2025-02-16 20:18:38,782 - INFO - Successfully processed and saved 000035Z.json.gz
2025-02-16 20:18:38,916 - INFO - Successfully processed and saved 000040Z.json.gz
2025-02-16 20:18:39,047 - INFO - Successfully processed and saved 000005Z.json.gz
2025-02-16 20:18:39,181 - INFO - Successfully processed and saved 000010Z.json.gz
2025-02-16 20:18:39,316 - INFO - Successfully processed and saved 000015Z.json.gz
2025-02-16 20:18:39,449 - INFO - Successfully processed and saved 000030Z.json.gz
2025-02-16 20:18:39,450 - INFO - Download completed. Execution time: 1.5903692245483398 seconds
2025-02-16 20:18:39,450 - INFO - Successfully downloaded 10 files
2025-02-16 20:18:39,450 - INFO - HTTP Request: POST http://testserver/api/s1/aircraft/download?file_limit=10 "HTTP/1.1 200 OK"
2025-02-16 20:18:40,795 - INFO - Processed chunk 1 of 1
2025-02-16 20:18:41,069 - INFO - Execution time: 1.6187090873718262
2025-02-16 20:18:41,135 - INFO - HTTP Request: POST http://testserver/api/s1/aircraft/prepare "HTTP/1.1 200 OK"
2025-02-16 20:18:41,136 - INFO - HTTP Request: GET http://testserver/api/s1/aircraft "HTTP/1.1 307 Temporary Redirect"
2025-02-16 20:18:41,145 - INFO - HTTP Request: GET http://testserver/api/s1/aircraft/ "HTTP/1.1 200 OK"
2025-02-16 20:18:41,185 - INFO - HTTP Request: GET http://testserver/api/s1/aircraft/000000/positions?page=0&num_results=5 "HTTP/1.1 200 OK"
2025-02-16 20:18:41,188 - INFO - Starting download of 10 files
2025-02-16 20:18:41,189 - INFO - Created semaphore with limit of 10 concurrent connections
2025-02-16 20:18:41,290 - INFO - HTTP Request: GET https://samples.adsbexchange.com/readsb-hist/2023/11/01//000035Z.json.gz "HTTP/1.1 200 OK"
2025-02-16 20:18:41,292 - INFO - HTTP Request: GET https://samples.adsbexchange.com/readsb-hist/2023/11/01//000010Z.json.gz "HTTP/1.1 200 OK"
2025-02-16 20:18:41,298 - INFO - HTTP Request: GET https://samples.adsbexchange.com/readsb-hist/2023/11/01//000040Z.json.gz "HTTP/1.1 200 OK"
2025-02-16 20:18:41,300 - INFO - HTTP Request: GET https://samples.adsbexchange.com/readsb-hist/2023/11/01//000045Z.json.gz "HTTP/1.1 200 OK"
2025-02-16 20:18:41,303 - INFO - HTTP Request: GET https://samples.adsbexchange.com/readsb-hist/2023/11/01//000000Z.json.gz "HTTP/1.1 200 OK"
2025-02-16 20:18:41,305 - INFO - HTTP Request: GET https://samples.adsbexchange.com/readsb-hist/2023/11/01//000015Z.json.gz "HTTP/1.1 200 OK"
2025-02-16 20:18:41,313 - INFO - HTTP Request: GET https://samples.adsbexchange.com/readsb-hist/2023/11/01//000020Z.json.gz "HTTP/1.1 200 OK"
2025-02-16 20:18:41,323 - INFO - HTTP Request: GET https://samples.adsbexchange.com/readsb-hist/2023/11/01//000030Z.json.gz "HTTP/1.1 200 OK"
2025-02-16 20:18:41,333 - INFO - HTTP Request: GET https://samples.adsbexchange.com/readsb-hist/2023/11/01//000025Z.json.gz "HTTP/1.1 200 OK"
2025-02-16 20:18:41,344 - INFO - HTTP Request: GET https://samples.adsbexchange.com/readsb-hist/2023/11/01//000005Z.json.gz "HTTP/1.1 200 OK"
2025-02-16 20:18:41,536 - INFO - Successfully processed and saved 000010Z.json.gz
2025-02-16 20:18:41,685 - INFO - Successfully processed and saved 000045Z.json.gz
2025-02-16 20:18:41,815 - INFO - Successfully processed and saved 000040Z.json.gz
2025-02-16 20:18:41,942 - INFO - Successfully processed and saved 000035Z.json.gz
2025-02-16 20:18:42,084 - INFO - Successfully processed and saved 000015Z.json.gz
2025-02-16 20:18:42,215 - INFO - Successfully processed and saved 000000Z.json.gz
2025-02-16 20:18:42,358 - INFO - Successfully processed and saved 000005Z.json.gz
2025-02-16 20:18:42,491 - INFO - Successfully processed and saved 000020Z.json.gz
2025-02-16 20:18:42,624 - INFO - Successfully processed and saved 000030Z.json.gz
2025-02-16 20:18:42,758 - INFO - Successfully processed and saved 000025Z.json.gz
2025-02-16 20:18:42,760 - INFO - Download completed. Execution time: 1.57157301902771 seconds
2025-02-16 20:18:42,760 - INFO - Successfully downloaded 10 files
2025-02-16 20:18:42,761 - INFO - HTTP Request: POST http://testserver/api/s1/aircraft/download?file_limit=10 "HTTP/1.1 200 OK"
2025-02-16 20:18:44,130 - INFO - Processed chunk 1 of 1
2025-02-16 20:18:44,410 - INFO - Execution time: 1.6488430500030518
2025-02-16 20:18:44,475 - INFO - HTTP Request: POST http://testserver/api/s1/aircraft/prepare "HTTP/1.1 200 OK"
2025-02-16 20:18:44,475 - INFO - HTTP Request: GET http://testserver/api/s1/aircraft "HTTP/1.1 307 Temporary Redirect"
2025-02-16 20:18:44,485 - INFO - HTTP Request: GET http://testserver/api/s1/aircraft/ "HTTP/1.1 200 OK"
2025-02-16 20:18:44,492 - INFO - HTTP Request: GET http://testserver/api/s1/aircraft/000000/stats "HTTP/1.1 200 OK"
2025-02-16 20:18:44,583 - INFO - Starting download of 10 files
2025-02-16 20:18:44,584 - INFO - Created semaphore with limit of 10 concurrent connections
2025-02-16 20:18:44,689 - INFO - HTTP Request: GET https://samples.adsbexchange.com/readsb-hist/2023/11/01//000020Z.json.gz "HTTP/1.1 200 OK"
2025-02-16 20:18:44,690 - INFO - HTTP Request: GET https://samples.adsbexchange.com/readsb-hist/2023/11/01//000035Z.json.gz "HTTP/1.1 200 OK"
2025-02-16 20:18:44,693 - INFO - HTTP Request: GET https://samples.adsbexchange.com/readsb-hist/2023/11/01//000030Z.json.gz "HTTP/1.1 200 OK"
2025-02-16 20:18:44,696 - INFO - HTTP Request: GET https://samples.adsbexchange.com/readsb-hist/2023/11/01//000010Z.json.gz "HTTP/1.1 200 OK"
2025-02-16 20:18:44,705 - INFO - HTTP Request: GET https://samples.adsbexchange.com/readsb-hist/2023/11/01//000045Z.json.gz "HTTP/1.1 200 OK"
2025-02-16 20:18:44,708 - INFO - HTTP Request: GET https://samples.adsbexchange.com/readsb-hist/2023/11/01//000025Z.json.gz "HTTP/1.1 200 OK"
2025-02-16 20:18:44,713 - INFO - HTTP Request: GET https://samples.adsbexchange.com/readsb-hist/2023/11/01//000040Z.json.gz "HTTP/1.1 200 OK"
2025-02-16 20:18:44,723 - INFO - HTTP Request: GET https://samples.adsbexchange.com/readsb-hist/2023/11/01//000015Z.json.gz "HTTP/1.1 200 OK"
2025-02-16 20:18:44,729 - INFO - HTTP Request: GET https://samples.adsbexchange.com/readsb-hist/2023/11/01//000005Z.json.gz "HTTP/1.1 200 OK"
2025-02-16 20:18:44,744 - INFO - HTTP Request: GET https://samples.adsbexchange.com/readsb-hist/2023/11/01//000000Z.json.gz "HTTP/1.1 200 OK"
2025-02-16 20:18:44,914 - INFO - Successfully processed and saved 000020Z.json.gz
2025-02-16 20:18:45,142 - INFO - Successfully processed and saved 000030Z.json.gz
2025-02-16 20:18:45,278 - INFO - Successfully processed and saved 000035Z.json.gz
2025-02-16 20:18:45,407 - INFO - Successfully processed and saved 000010Z.json.gz
2025-02-16 20:18:45,565 - INFO - Successfully processed and saved 000025Z.json.gz
2025-02-16 20:18:45,705 - INFO - Successfully processed and saved 000000Z.json.gz
2025-02-16 20:18:45,833 - INFO - Successfully processed and saved 000045Z.json.gz
2025-02-16 20:18:45,970 - INFO - Successfully processed and saved 000015Z.json.gz
2025-02-16 20:18:46,100 - INFO - Successfully processed and saved 000040Z.json.gz
2025-02-16 20:18:46,232 - INFO - Successfully processed and saved 000005Z.json.gz
2025-02-16 20:18:46,233 - INFO - Download completed. Execution time: 1.6501688957214355 seconds
2025-02-16 20:18:46,233 - INFO - Successfully downloaded 10 files
2025-02-16 20:18:46,233 - INFO - HTTP Request: POST http://testserver/api/s1/aircraft/download?file_limit=10 "HTTP/1.1 200 OK"
2025-02-16 20:18:47,566 - INFO - Processed chunk 1 of 1
2025-02-16 20:18:47,880 - INFO - Execution time: 1.646043062210083
2025-02-16 20:18:47,948 - INFO - HTTP Request: POST http://testserver/api/s1/aircraft/prepare "HTTP/1.1 200 OK"
2025-02-16 20:18:47,949 - INFO - HTTP Request: GET http://testserver/api/s1/aircraft "HTTP/1.1 307 Temporary Redirect"
2025-02-16 20:18:47,956 - INFO - HTTP Request: GET http://testserver/api/s1/aircraft/ "HTTP/1.1 200 OK"
2025-02-16 20:18:47,997 - INFO - HTTP Request: GET http://testserver/api/s1/aircraft/000000/positions "HTTP/1.1 200 OK"
2025-02-16 20:18:48,004 - INFO - HTTP Request: GET http://testserver/api/s1/aircraft/000000/stats "HTTP/1.1 200 OK"
2025-02-16 20:18:48,043 - INFO - HTTP Request: GET http://testserver/api/s1/aircraft/000001/positions "HTTP/1.1 200 OK"
2025-02-16 20:18:48,050 - INFO - HTTP Request: GET http://testserver/api/s1/aircraft/000001/stats "HTTP/1.1 200 OK"
2025-02-16 20:18:48,089 - INFO - HTTP Request: GET http://testserver/api/s1/aircraft/0000d2/positions "HTTP/1.1 200 OK"
2025-02-16 20:18:48,096 - INFO - HTTP Request: GET http://testserver/api/s1/aircraft/0000d2/stats "HTTP/1.1 200 OK"
2025-02-16 20:18:48,100 - INFO - Starting download of 1 files
2025-02-16 20:18:48,102 - INFO - Created semaphore with limit of 10 concurrent connections
2025-02-16 20:18:48,287 - INFO - HTTP Request: GET https://samples.adsbexchange.com/readsb-hist/2023/11/01//000000Z.json.gz "HTTP/1.1 200 OK"
2025-02-16 20:18:48,468 - INFO - Successfully processed and saved 000000Z.json.gz
2025-02-16 20:18:48,469 - INFO - Download completed. Execution time: 0.3683648109436035 seconds
2025-02-16 20:18:48,469 - INFO - Successfully downloaded 1 files
2025-02-16 20:18:48,469 - INFO - HTTP Request: POST http://testserver/api/s1/aircraft/download?file_limit=1 "HTTP/1.1 200 OK"
2025-02-16 20:18:48,617 - INFO - Processed chunk 1 of 1
2025-02-16 20:18:48,678 - INFO - Execution time: 0.20609211921691895
2025-02-16 20:18:48,681 - INFO - HTTP Request: POST http://testserver/api/s1/aircraft/prepare "HTTP/1.1 200 OK"
2025-02-16 20:18:48,684 - INFO - HTTP Request: GET http://testserver/api/s1/aircraft "HTTP/1.1 307 Temporary Redirect"
2025-02-16 20:18:48,691 - INFO - HTTP Request: GET http://testserver/api/s1/aircraft/ "HTTP/1.1 200 OK"
2025-02-16 20:18:48,701 - INFO - HTTP Request: GET http://testserver/api/s1/aircraft/06a0af/positions "HTTP/1.1 200 OK"
2025-02-16 20:18:48,709 - INFO - HTTP Request: GET http://testserver/api/s1/aircraft/06a0af/stats "HTTP/1.1 200 OK"
